[0;34m============================================================[0m
[0;34mIntersection Optimization - Complete Analysis Pipeline[0m
[0;34m============================================================[0m

[0;32m[1/4] Running Roundabout Text Simulations...[0m
  [1;33m→[0m Testing: 30m, 1 lane(s), 0.15 veh/s
  [1;33m→[0m Testing: 40m, 1 lane(s), 0.15 veh/s
  [1;33m→[0m Testing: 50m, 1 lane(s), 0.15 veh/s
  [1;33m→[0m Testing: 40m, 2 lane(s), 0.25 veh/s
  [1;33m→[0m Testing: 50m, 2 lane(s), 0.25 veh/s
  [1;33m→[0m Testing: 50m, 3 lane(s), 0.35 veh/s
  [0;32m✓[0m Roundabout simulations complete: results/roundabout_text_results.csv

[0;32m[2/4] Running Signalized Text Simulations (Webster's Method)...[0m
  [1;33m→[0m Testing: 1 lane(s), 0.20 veh/s (Webster)
  [1;33m→[0m Testing: 1 lane(s), 0.25 veh/s (Webster)
  [1;33m→[0m Testing: 1 lane(s), 0.30 veh/s (Webster)
  [1;33m→[0m Testing: 2 lane(s), 0.35 veh/s (Webster)
  [1;33m→[0m Testing: 2 lane(s), 0.40 veh/s (Webster)
  [1;33m→[0m Testing: 3 lane(s), 0.50 veh/s (Webster)
  [0;32m✓[0m Signalized simulations complete: results/signalized_text_results.csv

[0;32m[3/4] Generating Visualizations...[0m
  ✓ Created: delay_comparison.png
  ✓ Created: throughput_comparison.png
  ✓ Created: roundabout_vs_signalized.png
  ✓ Created: webster_analysis.png

  All visualizations saved to: results/visualizations/
  [0;32m✓[0m Visualizations complete

[0;32m[4/4] Generating LaTeX Report...[0m
======================================================================
LaTeX Report Generator for Intersection Optimization
======================================================================
Loading simulation results...
  ✓ Loaded roundabout text results: 6 configs
  ✓ Loaded signalized text results: 6 configs

Generating LaTeX report...

Finding optimal configurations...
✓ LaTeX report written to: final_report.tex

To compile:
  pdflatex final_report.tex
  pdflatex final_report.tex  # Run twice for references

======================================================================
Report generation complete!
======================================================================

Next steps:
  1. Review the LaTeX file: final_report.tex
  2. Compile to PDF:
     pdflatex final_report.tex
     pdflatex final_report.tex  # Run twice for TOC/references
  3. View the PDF: final_report.pdf
  [0;32m✓[0m LaTeX report generated: final_report.tex

[0;34m============================================================[0m
[0;32m✓ Analysis Complete![0m
[0;34m============================================================[0m

[1;33mResults Summary:[0m
  📊 Roundabout results: results/roundabout_text_results.csv
  📊 Signalized results: results/signalized_text_results.csv
  📈 Visualizations: results/visualizations/
  📄 LaTeX report: final_report.tex

[1;33mNext Steps:[0m
  1. Review results in: [0;34mresults/[0m
  2. View visualizations: [0;34mresults/visualizations/[0m
  3. Compile PDF:
     [0;34mpdflatex final_report.tex[0m
     [0;34mpdflatex final_report.tex[0m  [1;33m# Run twice for TOC[0m
  4. View PDF: [0;34mfinal_report.pdf[0m

[0;32mDone! 🎉[0m
